* using log directory ‘/home/js/Rpackage/splineplot/..Rcheck’
* using R version 4.5.1 (2025-06-13)
* using platform: x86_64-pc-linux-gnu
* R was compiled by
    gcc (Ubuntu 11.4.0-1ubuntu1~22.04) 11.4.0
    GNU Fortran (Ubuntu 11.4.0-1ubuntu1~22.04) 11.4.0
* running under: Ubuntu 22.04.5 LTS
* using session charset: UTF-8
* using option ‘--as-cran’
* checking for file ‘./DESCRIPTION’ ... OK
* checking extension type ... Package
* this is package ‘splineplot’ version ‘0.1.0’
* package encoding: UTF-8
* checking CRAN incoming feasibility ... [6s/23s] NOTE
Maintainer: ‘Jinseob Kim <jinseob2kim@gmail.com>’

New submission

Package has a VignetteBuilder field but no prebuilt vignette index.

Found the following (possibly) invalid URLs:
  URL: https://jinseob2kim.github.io/splineplot/
    From: DESCRIPTION
    Status: 404
    Message: Not Found

The build time stamp is missing.
* checking package namespace information ... OK
* checking package dependencies ... OK
* checking if this is a source package ... OK
* checking if there is a namespace ... OK
* checking for executable files ... WARNING
Found the following executable file:
  .git/objects/67/a3c026496a2e97baca28be4000b09cdb4def5c
Source packages should not contain undeclared executable files.
See section ‘Package structure’ in the ‘Writing R Extensions’ manual.
* checking for hidden files and directories ... NOTE
Found the following hidden files and directories:
  .gitignore
  ..Rcheck
  .Rproj.user
  .git
  .github
These were most likely included in error. See section ‘Package
structure’ in the ‘Writing R Extensions’ manual.

CRAN-pack does not know about
  ..Rcheck
  .git
  .github
* checking for portable file names ... OK
* checking for sufficient/correct file permissions ... OK
* checking serialization versions ... OK
* checking whether package ‘splineplot’ can be installed ... OK
* checking installed package size ... OK
* checking package directory ... OK
* checking for future file timestamps ... OK
* checking DESCRIPTION meta-information ... NOTE
Author field differs from that derived from Authors@R
  Author:    ‘Jinseob Kim [aut, cre]’
  Authors@R: ‘Jinseob Kim [aut, cre] (ORCID: <https://orcid.org/0000-0002-9403-605X>), Zarathu [cph, fnd]’

Checking should be performed on sources prepared by ‘R CMD build’.
* checking top-level files ... NOTE
Files ‘README.md’ or ‘NEWS.md’ cannot be checked without ‘pandoc’ being installed.
Non-standard files/directories found at top level:
  ‘LICENSE.md’ ‘README.Rmd’ ‘README.html’ ‘_pkgdown.yml’ ‘codecov.yml’
  ‘docs’
* checking for left-over files ... OK
* checking index information ... OK
* checking package subdirectories ... WARNING
Found the following directory with the name of a check directory:
  ./..Rcheck
Most likely, these were included erroneously.
Found the following directory with the name of a version control directory:
  ./.git
These should not be in a package tarball.
* checking code files for non-ASCII characters ... OK
* checking R files for syntax errors ... OK
* checking whether the package can be loaded ... OK
* checking whether the package can be loaded with stated dependencies ... OK
* checking whether the package can be unloaded cleanly ... OK
* checking whether the namespace can be loaded with stated dependencies ... OK
* checking whether the namespace can be unloaded cleanly ... OK
* checking loading without being on the library search path ... OK
* checking use of S3 registration ... OK
* checking dependencies in R code ... NOTE
Namespaces in Imports field not imported from:
  ‘ggplot2’ ‘mgcv’ ‘splines’ ‘survival’
  All declared Imports should be used.
* checking S3 generic/method consistency ... OK
* checking replacement functions ... OK
* checking foreign function calls ... OK
* checking R code for possible problems ... NOTE
extract_spline_data: no visible global function definition for
  ‘setNames’
extract_spline_data: no visible global function definition for ‘median’
extract_spline_data: no visible global function definition for ‘qnorm’
extract_spline_data: no visible global function definition for
  ‘predict’
extract_spline_data: no visible global function definition for ‘coef’
extract_spline_data: no visible global function definition for ‘vcov’
extract_spline_data: no visible global function definition for ‘terms’
extract_spline_data: no visible global function definition for
  ‘delete.response’
extract_spline_data: no visible global function definition for
  ‘model.matrix’
extract_spline_interaction: no visible global function definition for
  ‘qnorm’
extract_spline_interaction: no visible global function definition for
  ‘median’
extract_spline_interaction: no visible global function definition for
  ‘predict’
extract_spline_interaction: no visible global function definition for
  ‘coef’
extract_spline_interaction: no visible global function definition for
  ‘vcov’
extract_spline_interaction: no visible global function definition for
  ‘terms’
extract_spline_interaction: no visible global function definition for
  ‘delete.response’
extract_spline_interaction: no visible global function definition for
  ‘model.matrix’
plot_spline_interaction: no visible global function definition for
  ‘ggplot’
plot_spline_interaction: no visible global function definition for
  ‘aes’
plot_spline_interaction: no visible binding for global variable ‘x’
plot_spline_interaction: no visible binding for global variable ‘group’
plot_spline_interaction: no visible global function definition for
  ‘hist’
plot_spline_interaction: no visible global function definition for
  ‘head’
plot_spline_interaction: no visible global function definition for
  ‘tail’
plot_spline_interaction: no visible global function definition for
  ‘geom_rect’
plot_spline_interaction: no visible binding for global variable ‘xmin’
plot_spline_interaction: no visible binding for global variable ‘xmax’
plot_spline_interaction: no visible binding for global variable ‘ymin’
plot_spline_interaction: no visible binding for global variable ‘ymax’
plot_spline_interaction: no visible global function definition for
  ‘geom_ribbon’
plot_spline_interaction: no visible binding for global variable ‘lcl’
plot_spline_interaction: no visible binding for global variable ‘ucl’
plot_spline_interaction: no visible global function definition for
  ‘geom_line’
plot_spline_interaction: no visible binding for global variable ‘y’
plot_spline_interaction: no visible global function definition for
  ‘geom_hline’
plot_spline_interaction: no visible global function definition for
  ‘annotate’
plot_spline_interaction: no visible global function definition for
  ‘scale_color_manual’
plot_spline_interaction: no visible global function definition for
  ‘scale_fill_manual’
plot_spline_interaction: no visible global function definition for
  ‘coord_cartesian’
plot_spline_interaction: no visible global function definition for
  ‘scale_x_continuous’
plot_spline_interaction: no visible global function definition for
  ‘scale_y_continuous’
plot_spline_interaction: no visible global function definition for
  ‘labs’
plot_spline_interaction: no visible global function definition for
  ‘theme_bw’
plot_spline_interaction: no visible global function definition for
  ‘theme’
plot_spline_interaction: no visible global function definition for
  ‘element_blank’
plot_spline_interaction: no visible global function definition for
  ‘element_line’
plot_spline_interaction: no visible global function definition for
  ‘element_text’
plot_spline_single: no visible global function definition for ‘hist’
plot_spline_single: no visible global function definition for ‘head’
plot_spline_single: no visible global function definition for ‘tail’
plot_spline_single: no visible global function definition for ‘ggplot’
plot_spline_single: no visible global function definition for
  ‘geom_rect’
plot_spline_single: no visible global function definition for ‘aes’
plot_spline_single: no visible binding for global variable ‘xmin’
plot_spline_single: no visible binding for global variable ‘xmax’
plot_spline_single: no visible binding for global variable ‘y’
plot_spline_single: no visible global function definition for
  ‘geom_ribbon’
plot_spline_single: no visible binding for global variable ‘x’
plot_spline_single: no visible binding for global variable ‘lcl’
plot_spline_single: no visible binding for global variable ‘ucl’
plot_spline_single: no visible global function definition for
  ‘geom_line’
plot_spline_single: no visible global function definition for
  ‘geom_hline’
plot_spline_single: no visible global function definition for
  ‘annotate’
plot_spline_single: no visible global function definition for
  ‘coord_cartesian’
plot_spline_single: no visible global function definition for
  ‘scale_x_continuous’
plot_spline_single: no visible global function definition for ‘labs’
plot_spline_single: no visible global function definition for
  ‘scale_y_continuous’
plot_spline_single: no visible global function definition for
  ‘sec_axis’
plot_spline_single: no visible global function definition for
  ‘theme_bw’
plot_spline_single: no visible global function definition for ‘theme’
plot_spline_single: no visible global function definition for
  ‘element_blank’
plot_spline_single: no visible global function definition for
  ‘element_line’
plot_spline_single: no visible global function definition for
  ‘element_text’
plot_spline_single: no visible global function definition for ‘margin’
Undefined global functions or variables:
  aes annotate coef coord_cartesian delete.response element_blank
  element_line element_text geom_hline geom_line geom_rect geom_ribbon
  ggplot group head hist labs lcl margin median model.matrix predict
  qnorm scale_color_manual scale_fill_manual scale_x_continuous
  scale_y_continuous sec_axis setNames tail terms theme theme_bw ucl
  vcov x xmax xmin y ymax ymin
Consider adding
  importFrom("graphics", "hist")
  importFrom("stats", "coef", "delete.response", "median",
             "model.matrix", "predict", "qnorm", "setNames", "terms",
             "vcov")
  importFrom("utils", "head", "tail")
to your NAMESPACE file.
* checking Rd files ... OK
* checking Rd metadata ... OK
* checking Rd line widths ... OK
* checking Rd cross-references ... OK
* checking for missing documentation entries ... OK
* checking for code/documentation mismatches ... OK
* checking Rd \usage sections ... OK
* checking Rd contents ... OK
* checking for unstated dependencies in examples ... OK
* checking LazyData ... INFO
  'LazyData' is specified without a 'data' directory
* checking files in ‘vignettes’ ... WARNING
Files in the 'vignettes' directory but no files in 'inst/doc':
  ‘getting-started.Rmd’
* checking examples ... OK
* checking for unstated dependencies in vignettes ... OK
* checking package vignettes ... WARNING
Directory 'inst/doc' does not exist.
Package vignette without corresponding single PDF/HTML:
  ‘getting-started.Rmd’
* checking re-building of vignette outputs ... OK
* checking PDF version of manual ... WARNING
LaTeX errors when creating PDF version.
This typically indicates Rd problems.
* checking PDF version of manual without index ... ERROR
Re-running with no redirection of stdout/stderr.
* checking HTML version of manual ... NOTE
Skipping checking HTML validation: no command 'tidy' found.
Please obtain a recent version of HTML Tidy by downloading a binary
release or compiling the source code from <https://www.html-tidy.org/>.
* checking for non-standard things in the check directory ... NOTE
Found the following files/directories:
  ‘splineplot-manual.tex’
* checking for detritus in the temp directory ... OK
* DONE
Status: 1 ERROR, 5 WARNINGs, 8 NOTEs
